<?xml version="1.0" encoding="UTF-8"?>
<!-- Generated by org.testng.reporters.JUnitReportReporter -->
<testsuite skipped="0" hostname="GAURAVB-WIN10" name="TestCases.AddingUserNewAddressTestCase2" tests="1" failures="0" timestamp="2023-04-07T15:54:14 IST" time="35.593" errors="0">
  <testcase name="addingTheNewAddress" time="35.593" classname="TestCases.AddingUserNewAddressTestCase2"/>
  <system-out/>
</testsuite> <!-- TestCases.AddingUserNewAddressTestCase2 -->
