<?xml version="1.0" encoding="UTF-8"?>
<!-- Generated by org.testng.reporters.JUnitReportReporter -->
<testsuite skipped="0" hostname="GAURAVB-WIN10" name="TestCases.VerifyingOptionsUnderSearchFunctionalityTestCase3" tests="1" failures="0" timestamp="2023-04-07T15:53:09 IST" time="18.415" errors="0">
  <testcase name="verifyingOptionsUnderSearch" time="18.415" classname="TestCases.VerifyingOptionsUnderSearchFunctionalityTestCase3"/>
  <system-out/>
</testsuite> <!-- TestCases.VerifyingOptionsUnderSearchFunctionalityTestCase3 -->
