<?xml version="1.0" encoding="UTF-8"?>
<!-- Generated by org.testng.reporters.JUnitReportReporter -->
<testsuite skipped="0" hostname="GAURAVB-WIN10" name="TestCases.TC08_SortProductBasedOnRating" tests="1" failures="0" timestamp="2023-05-26T17:46:01 IST" time="17.299" errors="0">
  <testcase name="SortProductBasedOnRating" time="17.299" classname="TestCases.TC08_SortProductBasedOnRating"/>
  <system-out/>
</testsuite> <!-- TestCases.TC08_SortProductBasedOnRating -->
