<?xml version="1.0" encoding="UTF-8"?>
<!-- Generated by org.testng.reporters.JUnitReportReporter -->
<testsuite skipped="0" hostname="GAURAVB-WIN10" name="TestCases.TC04_SearchFunctionality" tests="1" failures="0" timestamp="2023-05-26T17:46:01 IST" time="50.859" errors="0">
  <testcase name="verifyingSearchFunctionality" time="50.859" classname="TestCases.TC04_SearchFunctionality"/>
  <system-out/>
</testsuite> <!-- TestCases.TC04_SearchFunctionality -->
