<?xml version="1.0" encoding="UTF-8"?>
<!-- Generated by org.testng.reporters.JUnitReportReporter -->
<testsuite skipped="0" hostname="GAURAVB-WIN10" name="TestCases.SearchFunctionalityTestCase4" tests="1" failures="0" timestamp="2023-04-07T16:47:10 IST" time="20.627" errors="0">
  <testcase name="verifyingSearchFunctionality" time="20.627" classname="TestCases.SearchFunctionalityTestCase4"/>
  <system-out/>
</testsuite> <!-- TestCases.SearchFunctionalityTestCase4 -->
