<?xml version="1.0" encoding="UTF-8"?>
<!-- Generated by org.testng.reporters.JUnitReportReporter -->
<testsuite skipped="0" hostname="GAURAVB-WIN10" name="TestCases.TC07_ChangingUserAddressOnHomePage" tests="1" failures="0" timestamp="2023-05-26T17:46:01 IST" time="29.023" errors="0">
  <testcase name="changingUserAddressOnHomePage" time="29.023" classname="TestCases.TC07_ChangingUserAddressOnHomePage"/>
  <system-out/>
</testsuite> <!-- TestCases.TC07_ChangingUserAddressOnHomePage -->
