<?xml version="1.0" encoding="UTF-8"?>
<!-- Generated by org.testng.reporters.JUnitReportReporter -->
<testsuite skipped="0" hostname="GAURAVB-WIN10" name="TestCases.TC09_SortingProductBasedOnPrice" tests="1" failures="0" timestamp="2023-06-07T14:29:26 IST" time="28.475" errors="0">
  <testcase name="SortingProductBasedOnPrice" time="28.475" classname="TestCases.TC09_SortingProductBasedOnPrice"/>
  <system-out/>
</testsuite> <!-- TestCases.TC09_SortingProductBasedOnPrice -->
