<?xml version="1.0" encoding="UTF-8"?>
<!-- Generated by org.testng.reporters.JUnitReportReporter -->
<testsuite skipped="0" hostname="GAURAVB-WIN10" name="TestCases.TC01_AmazonSignInPageTestCase" tests="1" failures="0" timestamp="2023-06-07T10:39:56 IST" time="37.088" errors="0">
  <testcase name="signningToAmazon" time="37.088" classname="TestCases.TC01_AmazonSignInPageTestCase"/>
  <system-out/>
</testsuite> <!-- TestCases.TC01_AmazonSignInPageTestCase -->
