<?xml version="1.0" encoding="UTF-8"?>
<!-- Generated by org.testng.reporters.JUnitReportReporter -->
<testsuite skipped="0" hostname="GAURAVB-WIN10" name="TestCases.TC05_AddingProductIntoTheCart" tests="1" failures="0" timestamp="2023-06-11T12:55:01 IST" time="70.796" errors="0">
  <testcase name="AddingProductIntoTheCart" time="70.796" classname="TestCases.TC05_AddingProductIntoTheCart"/>
  <system-out/>
</testsuite> <!-- TestCases.TC05_AddingProductIntoTheCart -->
