<?xml version="1.0" encoding="UTF-8"?>
<!-- Generated by org.testng.reporters.JUnitReportReporter -->
<testsuite skipped="0" hostname="GAURAVB-WIN10" name="TestCases.AmazonTestCases" tests="3" failures="0" timestamp="2023-04-07T12:51:35 IST" time="25.944" errors="0">
  <testcase name="signningToAmazon" time="8.042" classname="TestCases.AmazonTestCases"/>
  <system-out/>
  <testcase name="addingTheNewAddress" time="17.779" classname="TestCases.AmazonTestCases"/>
  <system-out/>
  <testcase name="verifyingOptionsUnderSearch" time="0.123" classname="TestCases.AmazonTestCases"/>
  <system-out/>
</testsuite> <!-- TestCases.AmazonTestCases -->
