<?xml version="1.0" encoding="UTF-8"?>
<!-- Generated by org.testng.reporters.JUnitReportReporter -->
<testsuite skipped="0" hostname="GAURAVB-WIN10" name="TestCases.SignInPageTestCases" tests="1" failures="0" timestamp="2023-04-05T08:44:24 IST" time="2.311" errors="0">
  <testcase name="signningToAmazon" time="2.311" classname="TestCases.SignInPageTestCases"/>
  <system-out/>
</testsuite> <!-- TestCases.SignInPageTestCases -->
