<?xml version="1.0" encoding="UTF-8"?>
<!-- Generated by org.testng.reporters.JUnitReportReporter -->
<testsuite skipped="0" hostname="GAURAVB-WIN10" name="TestCases.TC04_SearchFunctionality" tests="1" failures="0" timestamp="2023-06-11T12:55:01 IST" time="104.699" errors="0">
  <testcase name="verifyingSearchFunctionality" time="104.699" classname="TestCases.TC04_SearchFunctionality"/>
  <system-out/>
</testsuite> <!-- TestCases.TC04_SearchFunctionality -->
