<?xml version="1.0" encoding="UTF-8"?>
<!-- Generated by org.testng.reporters.JUnitReportReporter -->
<testsuite skipped="0" hostname="GAURAVB-WIN10" name="TestCases.TC03_VerifyingOptionsUnderSearchFunctionality" tests="1" failures="0" timestamp="2023-05-26T17:46:01 IST" time="12.181" errors="0">
  <testcase name="verifyingOptionsUnderSearch" time="12.181" classname="TestCases.TC03_VerifyingOptionsUnderSearchFunctionality"/>
  <system-out/>
</testsuite> <!-- TestCases.TC03_VerifyingOptionsUnderSearchFunctionality -->
