<?xml version="1.0" encoding="UTF-8"?>
<!-- Generated by org.testng.reporters.JUnitReportReporter -->
<testsuite skipped="0" hostname="GAURAVB-WIN10" name="TestCases.TC02_AddingUserNewAddress" tests="1" failures="0" timestamp="2023-05-26T17:46:01 IST" time="50.087" errors="0">
  <testcase name="addingTheNewAddress" time="50.087" classname="TestCases.TC02_AddingUserNewAddress"/>
  <system-out/>
</testsuite> <!-- TestCases.TC02_AddingUserNewAddress -->
