<?xml version="1.0" encoding="UTF-8"?>
<!-- Generated by org.testng.reporters.JUnitReportReporter -->
<testsuite skipped="0" hostname="GAURAVB-WIN10" name="TestCases.TC06_AddingProductToWishList" tests="1" failures="0" timestamp="2023-05-26T17:46:01 IST" time="46.452" errors="0">
  <testcase name="AddingProductIntoTheCart" time="46.452" classname="TestCases.TC06_AddingProductToWishList"/>
  <system-out/>
</testsuite> <!-- TestCases.TC06_AddingProductToWishList -->
